Using pre-set license
Built from '2020.3/staging' branch; Version is '2020.3.4f1 (0abb6314276a) revision 703331'; Using compiler version '192528614'; Build Type 'Release'
OS: 'Windows 7  (6.1.0) 64bit' Language: 'pl' Physical Memory: 4012 MB
BatchMode: 1, IsHumanControllingUs: 0, StartBugReporterOnCrash: 0, Is64bit: 1, IsPro: 0

 COMMAND LINE ARGUMENTS:
C:\UnityE\2020.3.4f1\Editor\Unity.exe
-adb2
-batchMode
-noUpm
-name
AssetImportWorker0
-projectPath
D:/GitHub/GitHub/Begining
-logFile
Logs/AssetImportWorker0.log
-srvPort
49313
Successfully changed project path to: D:/GitHub/GitHub/Begining
D:/GitHub/GitHub/Begining
Using Asset Import Pipeline V2.
Refreshing native plugins compatible for Editor in 127.53 ms, found 0 plugins.
Preloading 0 native plugins for Editor in 0.00 ms.
Initialize engine version: 2020.3.4f1 (0abb6314276a)
[Subsystems] Discovering subsystems at path C:/UnityE/2020.3.4f1/Editor/Data/Resources/UnitySubsystems
[Subsystems] Discovering subsystems at path D:/GitHub/GitHub/Begining/Assets
GfxDevice: creating device client; threaded=0
d3d11: CreateDXGIFactory2(...) not found, fallbacking to CreateDXGIFactory1(...).
d3d11: QueryInterface(IDXGIFactory5) failed (80004002).
Direct3D:
    Version:  Direct3D 11.0 [level 11.0]
    Renderer: Intel(R) HD Graphics 4600 (ID=0x416)
    Vendor:   
    VRAM:     1632 MB
    Driver:   10.18.14.4264
Initialize mono
Mono path[0] = 'C:/UnityE/2020.3.4f1/Editor/Data/Managed'
Mono path[1] = 'C:/UnityE/2020.3.4f1/Editor/Data/MonoBleedingEdge/lib/mono/unityjit'
Mono config path = 'C:/UnityE/2020.3.4f1/Editor/Data/MonoBleedingEdge/etc'
Using monoOptions --debugger-agent=transport=dt_socket,embedding=1,server=y,suspend=n,address=127.0.0.1:56372
Begin MonoManager ReloadAssembly
Registering precompiled unity dll's ...
Register platform support module: C:/UnityE/2020.3.4f1/Editor/Data/PlaybackEngines/WindowsStandaloneSupport/UnityEditor.WindowsStandalone.Extensions.dll
Registered in 0.002315 seconds.
Native extension for WindowsStandalone target not found
Refreshing native plugins compatible for Editor in 55.59 ms, found 0 plugins.
Preloading 0 native plugins for Editor in 0.00 ms.
Mono: successfully reloaded assembly
- Completed reload, in  5.408 seconds
Platform modules already initialized, skipping
Registering precompiled user dll's ...
Registered in 0.001115 seconds.
Begin MonoManager ReloadAssembly
Native extension for WindowsStandalone target not found
Refreshing native plugins compatible for Editor in 0.36 ms, found 0 plugins.
Preloading 0 native plugins for Editor in 0.00 ms.
Mono: successfully reloaded assembly
- Completed reload, in  1.918 seconds
Platform modules already initialized, skipping
========================================================================
Worker process is ready to serve import requests
Launched and connected shader compiler UnityShaderCompiler.exe after 0.06 seconds
Refreshing native plugins compatible for Editor in 0.40 ms, found 0 plugins.
Preloading 0 native plugins for Editor in 0.00 ms.
Unloading 1117 Unused Serialized files (Serialized files now loaded: 0)
System memory in use before: 57.0 MB.
System memory in use after: 57.1 MB.

Unloading 9 unused Assets to reduce memory usage. Loaded Objects now: 1560.
Total: 63.834094 ms (FindLiveObjects: 0.592406 ms CreateObjectMapping: 0.196648 ms MarkObjects: 62.921058 ms  DeleteObjects: 0.117003 ms)

========================================================================
Received Import Request.
  path: Assets/Pipe.mat
  artifactKey: Guid(8895ba4b9a8975a4ebf50f4caaf7fa14) Importer(815301076,1909f56bfc062723c751e8b465ee728b)
Start importing Assets/Pipe.mat using Guid(8895ba4b9a8975a4ebf50f4caaf7fa14) Importer(815301076,1909f56bfc062723c751e8b465ee728b)  -> (artifact id: 'f4b8454754605054aa866387bfa65a07') in 1.782931 seconds
  Import took 1.786722 seconds .

========================================================================
Received Import Request.
  Time since last request: 0.016746 seconds.
  path: Assets/Pipe.prefab
  artifactKey: Guid(a1849a977010d364fa1dd8f70ab3641f) Importer(815301076,1909f56bfc062723c751e8b465ee728b)
Start importing Assets/Pipe.prefab using Guid(a1849a977010d364fa1dd8f70ab3641f) Importer(815301076,1909f56bfc062723c751e8b465ee728b)  -> (artifact id: 'cdaa4d38dcb672660afb30ca5f4dc9ed') in 0.232682 seconds
  Import took 0.237928 seconds .

========================================================================
Received Import Request.
  Time since last request: 15.474319 seconds.
  path: Assets/Scenes
  artifactKey: Guid(ccd0247228d9be94285831399c83d1f1) Importer(815301076,1909f56bfc062723c751e8b465ee728b)
Start importing Assets/Scenes using Guid(ccd0247228d9be94285831399c83d1f1) Importer(815301076,1909f56bfc062723c751e8b465ee728b)  -> (artifact id: '2cb261069318252cab85fe50e8fffd07') in 0.004359 seconds
  Import took 0.015912 seconds .

========================================================================
Received Import Request.
  Time since last request: 0.080029 seconds.
  path: Assets/Scenes
  artifactKey: Guid(ccd0247228d9be94285831399c83d1f1) Importer(815301076,1909f56bfc062723c751e8b465ee728b)
Start importing Assets/Scenes using Guid(ccd0247228d9be94285831399c83d1f1) Importer(815301076,1909f56bfc062723c751e8b465ee728b)  -> (artifact id: '2cb261069318252cab85fe50e8fffd07') in 0.005545 seconds
  Import took 0.010173 seconds .

========================================================================
Received Import Request.
  Time since last request: 4.243782 seconds.
  path: Assets/Scenes/SampleScene.unity
  artifactKey: Guid(9fc0d4010bbf28b4594072e72b8655ab) Importer(815301076,1909f56bfc062723c751e8b465ee728b)
Start importing Assets/Scenes/SampleScene.unity using Guid(9fc0d4010bbf28b4594072e72b8655ab) Importer(815301076,1909f56bfc062723c751e8b465ee728b)  -> (artifact id: 'c1c71b41b75296c64b95946af5d1df7f') in 0.009182 seconds
  Import took 0.016513 seconds .

========================================================================
Received Prepare
Registering precompiled user dll's ...
Registered in 0.002480 seconds.
Begin MonoManager ReloadAssembly
Native extension for WindowsStandalone target not found
Refreshing native plugins compatible for Editor in 0.77 ms, found 0 plugins.
Preloading 0 native plugins for Editor in 0.00 ms.
Mono: successfully reloaded assembly
- Completed reload, in  2.185 seconds
Platform modules already initialized, skipping
Refreshing native plugins compatible for Editor in 0.51 ms, found 0 plugins.
Preloading 0 native plugins for Editor in 0.00 ms.
Unloading 1111 Unused Serialized files (Serialized files now loaded: 0)
System memory in use before: 60.2 MB.
System memory in use after: 60.3 MB.

Unloading 4 unused Assets to reduce memory usage. Loaded Objects now: 1604.
Total: 9.441135 ms (FindLiveObjects: 0.440507 ms CreateObjectMapping: 0.307903 ms MarkObjects: 8.657008 ms  DeleteObjects: 0.031611 ms)

========================================================================
Received Prepare
Registering precompiled user dll's ...
Registered in 0.009943 seconds.
Begin MonoManager ReloadAssembly
Native extension for WindowsStandalone target not found
Refreshing native plugins compatible for Editor in 1.18 ms, found 0 plugins.
Preloading 0 native plugins for Editor in 0.00 ms.
Mono: successfully reloaded assembly
- Completed reload, in  2.225 seconds
Platform modules already initialized, skipping
Refreshing native plugins compatible for Editor in 0.52 ms, found 0 plugins.
Preloading 0 native plugins for Editor in 0.00 ms.
Unloading 1111 Unused Serialized files (Serialized files now loaded: 0)
System memory in use before: 60.2 MB.
System memory in use after: 60.3 MB.

Unloading 4 unused Assets to reduce memory usage. Loaded Objects now: 1607.
Total: 4.095524 ms (FindLiveObjects: 0.481150 ms CreateObjectMapping: 0.117414 ms MarkObjects: 3.468633 ms  DeleteObjects: 0.025864 ms)

========================================================================
Received Import Request.
  Time since last request: 502.343401 seconds.
  path: Assets/Bird.mat
  artifactKey: Guid(8a499a6c5507ef34aa41635e15bd806b) Importer(815301076,1909f56bfc062723c751e8b465ee728b)
Start importing Assets/Bird.mat using Guid(8a499a6c5507ef34aa41635e15bd806b) Importer(815301076,1909f56bfc062723c751e8b465ee728b)  -> (artifact id: '9e3d0373e2e8c23be8f6dea867761dff') in 0.533981 seconds
  Import took 0.540179 seconds .

========================================================================
Received Import Request.
  Time since last request: 0.000370 seconds.
  path: Assets/Tonk.fbx
  artifactKey: Guid(4739a08a3c3d42d408d3cf2f97faa743) Importer(815301076,1909f56bfc062723c751e8b465ee728b)
Start importing Assets/Tonk.fbx using Guid(4739a08a3c3d42d408d3cf2f97faa743) Importer(815301076,1909f56bfc062723c751e8b465ee728b)  -> (artifact id: '87431b0c8b25b70370f106749a81b025') in 0.514997 seconds
  Import took 0.520739 seconds .

========================================================================
Received Import Request.
  Time since last request: 0.000529 seconds.
  path: Assets/Pipe.prefab
  artifactKey: Guid(a1849a977010d364fa1dd8f70ab3641f) Importer(815301076,1909f56bfc062723c751e8b465ee728b)
Start importing Assets/Pipe.prefab using Guid(a1849a977010d364fa1dd8f70ab3641f) Importer(815301076,1909f56bfc062723c751e8b465ee728b)  -> (artifact id: '378f2e7c4fb789b1e06f9899bee4c3cb') in 0.034001 seconds
  Import took 0.039459 seconds .

========================================================================
Received Prepare
Registering precompiled user dll's ...
Registered in 0.001681 seconds.
Begin MonoManager ReloadAssembly
Native extension for WindowsStandalone target not found
Refreshing native plugins compatible for Editor in 0.49 ms, found 0 plugins.
Preloading 0 native plugins for Editor in 0.00 ms.
Mono: successfully reloaded assembly
- Completed reload, in  2.123 seconds
Platform modules already initialized, skipping
Refreshing native plugins compatible for Editor in 0.59 ms, found 0 plugins.
Preloading 0 native plugins for Editor in 0.00 ms.
Unloading 1111 Unused Serialized files (Serialized files now loaded: 0)
System memory in use before: 60.4 MB.
System memory in use after: 60.5 MB.

Unloading 4 unused Assets to reduce memory usage. Loaded Objects now: 1614.
Total: 5.084509 ms (FindLiveObjects: 0.730757 ms CreateObjectMapping: 0.112077 ms MarkObjects: 4.216222 ms  DeleteObjects: 0.022169 ms)

========================================================================
Received Prepare
Registering precompiled user dll's ...
Registered in 0.001100 seconds.
Begin MonoManager ReloadAssembly
Native extension for WindowsStandalone target not found
Refreshing native plugins compatible for Editor in 0.27 ms, found 0 plugins.
Preloading 0 native plugins for Editor in 0.00 ms.
Mono: successfully reloaded assembly
- Completed reload, in  1.908 seconds
Platform modules already initialized, skipping
Refreshing native plugins compatible for Editor in 0.42 ms, found 0 plugins.
Preloading 0 native plugins for Editor in 0.00 ms.
Unloading 1111 Unused Serialized files (Serialized files now loaded: 0)
System memory in use before: 60.4 MB.
System memory in use after: 60.5 MB.

Unloading 4 unused Assets to reduce memory usage. Loaded Objects now: 1617.
Total: 21.638210 ms (FindLiveObjects: 0.401506 ms CreateObjectMapping: 0.071844 ms MarkObjects: 21.115595 ms  DeleteObjects: 0.045570 ms)

